<?xml version="1.0" encoding="utf-8"?>
<coverage line-rate="0.0302" branch-rate="0.0764" version="1.9" timestamp="1732632401" lines-covered="56" lines-valid="1849" branches-covered="13" branches-valid="170">
  <sources>
    <source>C:\Users\gtone\OneDrive\Desktop\Get Upload\ASP.Net\ChampionsLeagueTeamsApp\ChampionsLeagueTeamsApp\</source>
  </sources>
  <packages>
    <package name="ChampionsLeagueTeamsApp" line-rate="0.0302" branch-rate="0.0764" complexity="258">
      <classes>
        <class name="AspNetCoreGeneratedDocument.Views_Coaches_Details/&lt;ExecuteAsync&gt;d__10" filename="Views\Coaches\Details.cshtml" line-rate="0" branch-rate="0" complexity="2">
          <methods>
            <method name="MoveNext" signature="()" line-rate="0" branch-rate="0" complexity="2">
              <lines>
                <line number="4" hits="0" branch="True" condition-coverage="0% (0/2)">
                  <conditions>
                    <condition number="666" type="jump" coverage="0%" />
                  </conditions>
                </line>
              </lines>
            </method>
          </methods>
          <lines>
            <line number="4" hits="0" branch="True" condition-coverage="0% (0/2)">
              <conditions>
                <condition number="666" type="jump" coverage="0%" />
              </conditions>
            </line>
          </lines>
        </class>
        <class name="AspNetCoreGeneratedDocument.Views_Coaches_Index/&lt;ExecuteAsync&gt;d__12" filename="Views\Coaches\Index.cshtml" line-rate="0" branch-rate="0" complexity="16">
          <methods>
            <method name="MoveNext" signature="()" line-rate="0" branch-rate="0" complexity="16">
              <lines>
                <line number="4" hits="0" branch="True" condition-coverage="0% (0/2)">
                  <conditions>
                    <condition number="572" type="jump" coverage="0%" />
                  </conditions>
                </line>
                <line number="28" hits="0" branch="True" condition-coverage="0% (0/2)">
                  <conditions>
                    <condition number="780" type="jump" coverage="0%" />
                  </conditions>
                </line>
                <line number="29" hits="0" branch="False" />
                <line number="33" hits="0" branch="False" />
                <line number="35" hits="0" branch="False" />
                <line number="36" hits="0" branch="True" condition-coverage="0% (0/2)">
                  <conditions>
                    <condition number="1067" type="jump" coverage="0%" />
                  </conditions>
                </line>
                <line number="37" hits="0" branch="False" />
                <line number="43" hits="0" branch="False" />
                <line number="44" hits="0" branch="False" />
                <line number="51" hits="0" branch="True" condition-coverage="0% (0/6)">
                  <conditions>
                    <condition number="1154" type="jump" coverage="0%" />
                    <condition number="1199" type="jump" coverage="0%" />
                    <condition number="1225" type="jump" coverage="0%" />
                  </conditions>
                </line>
                <line number="52" hits="0" branch="False" />
                <line number="53" hits="0" branch="True" condition-coverage="0% (0/2)">
                  <conditions>
                    <condition number="1650" type="jump" coverage="0%" />
                  </conditions>
                </line>
                <line number="54" hits="0" branch="True" condition-coverage="0% (0/2)">
                  <conditions>
                    <condition number="1362" type="jump" coverage="0%" />
                  </conditions>
                </line>
                <line number="58" hits="0" branch="False" />
                <line number="59" hits="0" branch="False" />
              </lines>
            </method>
          </methods>
          <lines>
            <line number="4" hits="0" branch="True" condition-coverage="0% (0/2)">
              <conditions>
                <condition number="572" type="jump" coverage="0%" />
              </conditions>
            </line>
            <line number="28" hits="0" branch="True" condition-coverage="0% (0/2)">
              <conditions>
                <condition number="780" type="jump" coverage="0%" />
              </conditions>
            </line>
            <line number="29" hits="0" branch="False" />
            <line number="33" hits="0" branch="False" />
            <line number="35" hits="0" branch="False" />
            <line number="36" hits="0" branch="True" condition-coverage="0% (0/2)">
              <conditions>
                <condition number="1067" type="jump" coverage="0%" />
              </conditions>
            </line>
            <line number="37" hits="0" branch="False" />
            <line number="43" hits="0" branch="False" />
            <line number="44" hits="0" branch="False" />
            <line number="51" hits="0" branch="True" condition-coverage="0% (0/6)">
              <conditions>
                <condition number="1154" type="jump" coverage="0%" />
                <condition number="1199" type="jump" coverage="0%" />
                <condition number="1225" type="jump" coverage="0%" />
              </conditions>
            </line>
            <line number="52" hits="0" branch="False" />
            <line number="53" hits="0" branch="True" condition-coverage="0% (0/2)">
              <conditions>
                <condition number="1650" type="jump" coverage="0%" />
              </conditions>
            </line>
            <line number="54" hits="0" branch="True" condition-coverage="0% (0/2)">
              <conditions>
                <condition number="1362" type="jump" coverage="0%" />
              </conditions>
            </line>
            <line number="58" hits="0" branch="False" />
            <line number="59" hits="0" branch="False" />
          </lines>
        </class>
        <class name="AspNetCoreGeneratedDocument.Views_Error_InternalServerError/&lt;ExecuteAsync&gt;d__0" filename="Views\Error\InternalServerError.cshtml" line-rate="0" branch-rate="1" complexity="1">
          <methods>
            <method name="MoveNext" signature="()" line-rate="0" branch-rate="1" complexity="1">
              <lines>
                <line number="2" hits="0" branch="False" />
              </lines>
            </method>
          </methods>
          <lines>
            <line number="2" hits="0" branch="False" />
          </lines>
        </class>
        <class name="AspNetCoreGeneratedDocument.Views_Error_NotFound/&lt;ExecuteAsync&gt;d__0" filename="Views\Error\NotFound.cshtml" line-rate="0" branch-rate="1" complexity="1">
          <methods>
            <method name="MoveNext" signature="()" line-rate="0" branch-rate="1" complexity="1">
              <lines>
                <line number="2" hits="0" branch="False" />
              </lines>
            </method>
          </methods>
          <lines>
            <line number="2" hits="0" branch="False" />
          </lines>
        </class>
        <class name="AspNetCoreGeneratedDocument.Views_Home_Index/&lt;ExecuteAsync&gt;d__0" filename="Views\Home\Index.cshtml" line-rate="0" branch-rate="1" complexity="1">
          <methods>
            <method name="MoveNext" signature="()" line-rate="0" branch-rate="1" complexity="1">
              <lines>
                <line number="2" hits="0" branch="False" />
              </lines>
            </method>
          </methods>
          <lines>
            <line number="2" hits="0" branch="False" />
          </lines>
        </class>
        <class name="AspNetCoreGeneratedDocument.Views_Home_Privacy/&lt;ExecuteAsync&gt;d__0" filename="Views\Home\Privacy.cshtml" line-rate="0" branch-rate="1" complexity="1">
          <methods>
            <method name="MoveNext" signature="()" line-rate="0" branch-rate="1" complexity="1">
              <lines>
                <line number="2" hits="0" branch="False" />
              </lines>
            </method>
          </methods>
          <lines>
            <line number="2" hits="0" branch="False" />
          </lines>
        </class>
        <class name="AspNetCoreGeneratedDocument.Views_Players_Details/&lt;ExecuteAsync&gt;d__10" filename="Views\Players\Details.cshtml" line-rate="0" branch-rate="0" complexity="2">
          <methods>
            <method name="MoveNext" signature="()" line-rate="0" branch-rate="0" complexity="2">
              <lines>
                <line number="4" hits="0" branch="True" condition-coverage="0% (0/2)">
                  <conditions>
                    <condition number="717" type="jump" coverage="0%" />
                  </conditions>
                </line>
              </lines>
            </method>
          </methods>
          <lines>
            <line number="4" hits="0" branch="True" condition-coverage="0% (0/2)">
              <conditions>
                <condition number="717" type="jump" coverage="0%" />
              </conditions>
            </line>
          </lines>
        </class>
        <class name="AspNetCoreGeneratedDocument.Views_Players_Index/&lt;ExecuteAsync&gt;d__12" filename="Views\Players\Index.cshtml" line-rate="0" branch-rate="0" complexity="14">
          <methods>
            <method name="MoveNext" signature="()" line-rate="0" branch-rate="0" complexity="14">
              <lines>
                <line number="4" hits="0" branch="True" condition-coverage="0% (0/2)">
                  <conditions>
                    <condition number="572" type="jump" coverage="0%" />
                  </conditions>
                </line>
                <line number="27" hits="0" branch="True" condition-coverage="0% (0/2)">
                  <conditions>
                    <condition number="1073" type="jump" coverage="0%" />
                  </conditions>
                </line>
                <line number="28" hits="0" branch="False" />
                <line number="35" hits="0" branch="False" />
                <line number="42" hits="0" branch="True" condition-coverage="0% (0/6)">
                  <conditions>
                    <condition number="1159" type="jump" coverage="0%" />
                    <condition number="1204" type="jump" coverage="0%" />
                    <condition number="1230" type="jump" coverage="0%" />
                  </conditions>
                </line>
                <line number="43" hits="0" branch="False" />
                <line number="44" hits="0" branch="True" condition-coverage="0% (0/2)">
                  <conditions>
                    <condition number="1655" type="jump" coverage="0%" />
                  </conditions>
                </line>
                <line number="45" hits="0" branch="True" condition-coverage="0% (0/2)">
                  <conditions>
                    <condition number="1367" type="jump" coverage="0%" />
                  </conditions>
                </line>
                <line number="49" hits="0" branch="False" />
                <line number="50" hits="0" branch="False" />
              </lines>
            </method>
          </methods>
          <lines>
            <line number="4" hits="0" branch="True" condition-coverage="0% (0/2)">
              <conditions>
                <condition number="572" type="jump" coverage="0%" />
              </conditions>
            </line>
            <line number="27" hits="0" branch="True" condition-coverage="0% (0/2)">
              <conditions>
                <condition number="1073" type="jump" coverage="0%" />
              </conditions>
            </line>
            <line number="28" hits="0" branch="False" />
            <line number="35" hits="0" branch="False" />
            <line number="42" hits="0" branch="True" condition-coverage="0% (0/6)">
              <conditions>
                <condition number="1159" type="jump" coverage="0%" />
                <condition number="1204" type="jump" coverage="0%" />
                <condition number="1230" type="jump" coverage="0%" />
              </conditions>
            </line>
            <line number="43" hits="0" branch="False" />
            <line number="44" hits="0" branch="True" condition-coverage="0% (0/2)">
              <conditions>
                <condition number="1655" type="jump" coverage="0%" />
              </conditions>
            </line>
            <line number="45" hits="0" branch="True" condition-coverage="0% (0/2)">
              <conditions>
                <condition number="1367" type="jump" coverage="0%" />
              </conditions>
            </line>
            <line number="49" hits="0" branch="False" />
            <line number="50" hits="0" branch="False" />
          </lines>
        </class>
        <class name="AspNetCoreGeneratedDocument.Views_Shared_Error/&lt;ExecuteAsync&gt;d__0" filename="Views\Shared\Error.cshtml" line-rate="0" branch-rate="0" complexity="2">
          <methods>
            <method name="MoveNext" signature="()" line-rate="0" branch-rate="0" complexity="2">
              <lines>
                <line number="3" hits="0" branch="False" />
                <line number="9" hits="0" branch="True" condition-coverage="0% (0/2)">
                  <conditions>
                    <condition number="70" type="jump" coverage="0%" />
                  </conditions>
                </line>
                <line number="10" hits="0" branch="False" />
                <line number="14" hits="0" branch="False" />
              </lines>
            </method>
          </methods>
          <lines>
            <line number="3" hits="0" branch="False" />
            <line number="9" hits="0" branch="True" condition-coverage="0% (0/2)">
              <conditions>
                <condition number="70" type="jump" coverage="0%" />
              </conditions>
            </line>
            <line number="10" hits="0" branch="False" />
            <line number="14" hits="0" branch="False" />
          </lines>
        </class>
        <class name="AspNetCoreGeneratedDocument.Views_Shared__LoginPartial/&lt;ExecuteAsync&gt;d__19" filename="Views\Shared\_LoginPartial.cshtml" line-rate="0" branch-rate="0" complexity="8">
          <methods>
            <method name="MoveNext" signature="()" line-rate="0" branch-rate="0" complexity="8">
              <lines>
                <line number="6" hits="0" branch="True" condition-coverage="0% (0/2)">
                  <conditions>
                    <condition number="116" type="jump" coverage="0%" />
                  </conditions>
                </line>
                <line number="7" hits="0" branch="True" condition-coverage="0% (0/2)">
                  <conditions>
                    <condition number="645" type="jump" coverage="0%" />
                  </conditions>
                </line>
                <line number="18" hits="0" branch="False" />
                <line number="20" hits="0" branch="True" condition-coverage="0% (0/4)">
                  <conditions>
                    <condition number="1237" type="jump" coverage="0%" />
                    <condition number="1805" type="jump" coverage="0%" />
                  </conditions>
                </line>
                <line number="29" hits="0" branch="False" />
              </lines>
            </method>
          </methods>
          <lines>
            <line number="6" hits="0" branch="True" condition-coverage="0% (0/2)">
              <conditions>
                <condition number="116" type="jump" coverage="0%" />
              </conditions>
            </line>
            <line number="7" hits="0" branch="True" condition-coverage="0% (0/2)">
              <conditions>
                <condition number="645" type="jump" coverage="0%" />
              </conditions>
            </line>
            <line number="18" hits="0" branch="False" />
            <line number="20" hits="0" branch="True" condition-coverage="0% (0/4)">
              <conditions>
                <condition number="1237" type="jump" coverage="0%" />
                <condition number="1805" type="jump" coverage="0%" />
              </conditions>
            </line>
            <line number="29" hits="0" branch="False" />
          </lines>
        </class>
        <class name="AspNetCoreGeneratedDocument.Views_Stadiums_Details/&lt;ExecuteAsync&gt;d__10" filename="Views\Stadiums\Details.cshtml" line-rate="0" branch-rate="0" complexity="2">
          <methods>
            <method name="MoveNext" signature="()" line-rate="0" branch-rate="0" complexity="2">
              <lines>
                <line number="4" hits="0" branch="True" condition-coverage="0% (0/2)">
                  <conditions>
                    <condition number="651" type="jump" coverage="0%" />
                  </conditions>
                </line>
              </lines>
            </method>
          </methods>
          <lines>
            <line number="4" hits="0" branch="True" condition-coverage="0% (0/2)">
              <conditions>
                <condition number="651" type="jump" coverage="0%" />
              </conditions>
            </line>
          </lines>
        </class>
        <class name="AspNetCoreGeneratedDocument.Views_Stadiums_Index/&lt;ExecuteAsync&gt;d__12" filename="Views\Stadiums\Index.cshtml" line-rate="0" branch-rate="0" complexity="14">
          <methods>
            <method name="MoveNext" signature="()" line-rate="0" branch-rate="0" complexity="14">
              <lines>
                <line number="4" hits="0" branch="True" condition-coverage="0% (0/2)">
                  <conditions>
                    <condition number="572" type="jump" coverage="0%" />
                  </conditions>
                </line>
                <line number="26" hits="0" branch="True" condition-coverage="0% (0/2)">
                  <conditions>
                    <condition number="1012" type="jump" coverage="0%" />
                  </conditions>
                </line>
                <line number="27" hits="0" branch="False" />
                <line number="33" hits="0" branch="False" />
                <line number="40" hits="0" branch="True" condition-coverage="0% (0/6)">
                  <conditions>
                    <condition number="1098" type="jump" coverage="0%" />
                    <condition number="1143" type="jump" coverage="0%" />
                    <condition number="1169" type="jump" coverage="0%" />
                  </conditions>
                </line>
                <line number="41" hits="0" branch="False" />
                <line number="42" hits="0" branch="True" condition-coverage="0% (0/2)">
                  <conditions>
                    <condition number="1594" type="jump" coverage="0%" />
                  </conditions>
                </line>
                <line number="43" hits="0" branch="True" condition-coverage="0% (0/2)">
                  <conditions>
                    <condition number="1306" type="jump" coverage="0%" />
                  </conditions>
                </line>
                <line number="47" hits="0" branch="False" />
                <line number="48" hits="0" branch="False" />
              </lines>
            </method>
          </methods>
          <lines>
            <line number="4" hits="0" branch="True" condition-coverage="0% (0/2)">
              <conditions>
                <condition number="572" type="jump" coverage="0%" />
              </conditions>
            </line>
            <line number="26" hits="0" branch="True" condition-coverage="0% (0/2)">
              <conditions>
                <condition number="1012" type="jump" coverage="0%" />
              </conditions>
            </line>
            <line number="27" hits="0" branch="False" />
            <line number="33" hits="0" branch="False" />
            <line number="40" hits="0" branch="True" condition-coverage="0% (0/6)">
              <conditions>
                <condition number="1098" type="jump" coverage="0%" />
                <condition number="1143" type="jump" coverage="0%" />
                <condition number="1169" type="jump" coverage="0%" />
              </conditions>
            </line>
            <line number="41" hits="0" branch="False" />
            <line number="42" hits="0" branch="True" condition-coverage="0% (0/2)">
              <conditions>
                <condition number="1594" type="jump" coverage="0%" />
              </conditions>
            </line>
            <line number="43" hits="0" branch="True" condition-coverage="0% (0/2)">
              <conditions>
                <condition number="1306" type="jump" coverage="0%" />
              </conditions>
            </line>
            <line number="47" hits="0" branch="False" />
            <line number="48" hits="0" branch="False" />
          </lines>
        </class>
        <class name="AspNetCoreGeneratedDocument.Views_Teams_Details/&lt;ExecuteAsync&gt;d__10" filename="Views\Teams\Details.cshtml" line-rate="0" branch-rate="0" complexity="2">
          <methods>
            <method name="MoveNext" signature="()" line-rate="0" branch-rate="0" complexity="2">
              <lines>
                <line number="4" hits="0" branch="True" condition-coverage="0% (0/2)">
                  <conditions>
                    <condition number="651" type="jump" coverage="0%" />
                  </conditions>
                </line>
              </lines>
            </method>
          </methods>
          <lines>
            <line number="4" hits="0" branch="True" condition-coverage="0% (0/2)">
              <conditions>
                <condition number="651" type="jump" coverage="0%" />
              </conditions>
            </line>
          </lines>
        </class>
        <class name="AspNetCoreGeneratedDocument.Views_Teams_Index/&lt;ExecuteAsync&gt;d__12" filename="Views\Teams\Index.cshtml" line-rate="0" branch-rate="0" complexity="16">
          <methods>
            <method name="MoveNext" signature="()" line-rate="0" branch-rate="0" complexity="16">
              <lines>
                <line number="4" hits="0" branch="True" condition-coverage="0% (0/2)">
                  <conditions>
                    <condition number="572" type="jump" coverage="0%" />
                  </conditions>
                </line>
                <line number="28" hits="0" branch="True" condition-coverage="0% (0/2)">
                  <conditions>
                    <condition number="777" type="jump" coverage="0%" />
                  </conditions>
                </line>
                <line number="29" hits="0" branch="False" />
                <line number="30" hits="0" branch="True" condition-coverage="0% (0/2)">
                  <conditions>
                    <condition number="1038" type="jump" coverage="0%" />
                  </conditions>
                </line>
                <line number="31" hits="0" branch="False" />
                <line number="37" hits="0" branch="False" />
                <line number="38" hits="0" branch="False" />
                <line number="40" hits="0" branch="False" />
                <line number="44" hits="0" branch="False" />
                <line number="50" hits="0" branch="True" condition-coverage="0% (0/6)">
                  <conditions>
                    <condition number="1146" type="jump" coverage="0%" />
                    <condition number="1191" type="jump" coverage="0%" />
                    <condition number="1217" type="jump" coverage="0%" />
                  </conditions>
                </line>
                <line number="51" hits="0" branch="False" />
                <line number="52" hits="0" branch="True" condition-coverage="0% (0/2)">
                  <conditions>
                    <condition number="1642" type="jump" coverage="0%" />
                  </conditions>
                </line>
                <line number="53" hits="0" branch="True" condition-coverage="0% (0/2)">
                  <conditions>
                    <condition number="1354" type="jump" coverage="0%" />
                  </conditions>
                </line>
                <line number="57" hits="0" branch="False" />
                <line number="58" hits="0" branch="False" />
              </lines>
            </method>
          </methods>
          <lines>
            <line number="4" hits="0" branch="True" condition-coverage="0% (0/2)">
              <conditions>
                <condition number="572" type="jump" coverage="0%" />
              </conditions>
            </line>
            <line number="28" hits="0" branch="True" condition-coverage="0% (0/2)">
              <conditions>
                <condition number="777" type="jump" coverage="0%" />
              </conditions>
            </line>
            <line number="29" hits="0" branch="False" />
            <line number="30" hits="0" branch="True" condition-coverage="0% (0/2)">
              <conditions>
                <condition number="1038" type="jump" coverage="0%" />
              </conditions>
            </line>
            <line number="31" hits="0" branch="False" />
            <line number="37" hits="0" branch="False" />
            <line number="38" hits="0" branch="False" />
            <line number="40" hits="0" branch="False" />
            <line number="44" hits="0" branch="False" />
            <line number="50" hits="0" branch="True" condition-coverage="0% (0/6)">
              <conditions>
                <condition number="1146" type="jump" coverage="0%" />
                <condition number="1191" type="jump" coverage="0%" />
                <condition number="1217" type="jump" coverage="0%" />
              </conditions>
            </line>
            <line number="51" hits="0" branch="False" />
            <line number="52" hits="0" branch="True" condition-coverage="0% (0/2)">
              <conditions>
                <condition number="1642" type="jump" coverage="0%" />
              </conditions>
            </line>
            <line number="53" hits="0" branch="True" condition-coverage="0% (0/2)">
              <conditions>
                <condition number="1354" type="jump" coverage="0%" />
              </conditions>
            </line>
            <line number="57" hits="0" branch="False" />
            <line number="58" hits="0" branch="False" />
          </lines>
        </class>
        <class name="AspNetCoreGeneratedDocument.Views_Titles_Details/&lt;ExecuteAsync&gt;d__10" filename="Views\Titles\Details.cshtml" line-rate="0" branch-rate="0" complexity="2">
          <methods>
            <method name="MoveNext" signature="()" line-rate="0" branch-rate="0" complexity="2">
              <lines>
                <line number="4" hits="0" branch="True" condition-coverage="0% (0/2)">
                  <conditions>
                    <condition number="568" type="jump" coverage="0%" />
                  </conditions>
                </line>
              </lines>
            </method>
          </methods>
          <lines>
            <line number="4" hits="0" branch="True" condition-coverage="0% (0/2)">
              <conditions>
                <condition number="568" type="jump" coverage="0%" />
              </conditions>
            </line>
          </lines>
        </class>
        <class name="AspNetCoreGeneratedDocument.Views_Titles_Index/&lt;ExecuteAsync&gt;d__12" filename="Views\Titles\Index.cshtml" line-rate="0" branch-rate="0" complexity="14">
          <methods>
            <method name="MoveNext" signature="()" line-rate="0" branch-rate="0" complexity="14">
              <lines>
                <line number="4" hits="0" branch="True" condition-coverage="0% (0/2)">
                  <conditions>
                    <condition number="572" type="jump" coverage="0%" />
                  </conditions>
                </line>
                <line number="27" hits="0" branch="True" condition-coverage="0% (0/2)">
                  <conditions>
                    <condition number="929" type="jump" coverage="0%" />
                  </conditions>
                </line>
                <line number="28" hits="0" branch="False" />
                <line number="33" hits="0" branch="False" />
                <line number="40" hits="0" branch="True" condition-coverage="0% (0/6)">
                  <conditions>
                    <condition number="1015" type="jump" coverage="0%" />
                    <condition number="1060" type="jump" coverage="0%" />
                    <condition number="1086" type="jump" coverage="0%" />
                  </conditions>
                </line>
                <line number="41" hits="0" branch="False" />
                <line number="42" hits="0" branch="True" condition-coverage="0% (0/2)">
                  <conditions>
                    <condition number="1511" type="jump" coverage="0%" />
                  </conditions>
                </line>
                <line number="43" hits="0" branch="True" condition-coverage="0% (0/2)">
                  <conditions>
                    <condition number="1223" type="jump" coverage="0%" />
                  </conditions>
                </line>
                <line number="47" hits="0" branch="False" />
                <line number="48" hits="0" branch="False" />
              </lines>
            </method>
          </methods>
          <lines>
            <line number="4" hits="0" branch="True" condition-coverage="0% (0/2)">
              <conditions>
                <condition number="572" type="jump" coverage="0%" />
              </conditions>
            </line>
            <line number="27" hits="0" branch="True" condition-coverage="0% (0/2)">
              <conditions>
                <condition number="929" type="jump" coverage="0%" />
              </conditions>
            </line>
            <line number="28" hits="0" branch="False" />
            <line number="33" hits="0" branch="False" />
            <line number="40" hits="0" branch="True" condition-coverage="0% (0/6)">
              <conditions>
                <condition number="1015" type="jump" coverage="0%" />
                <condition number="1060" type="jump" coverage="0%" />
                <condition number="1086" type="jump" coverage="0%" />
              </conditions>
            </line>
            <line number="41" hits="0" branch="False" />
            <line number="42" hits="0" branch="True" condition-coverage="0% (0/2)">
              <conditions>
                <condition number="1511" type="jump" coverage="0%" />
              </conditions>
            </line>
            <line number="43" hits="0" branch="True" condition-coverage="0% (0/2)">
              <conditions>
                <condition number="1223" type="jump" coverage="0%" />
              </conditions>
            </line>
            <line number="47" hits="0" branch="False" />
            <line number="48" hits="0" branch="False" />
          </lines>
        </class>
        <class name="AspNetCoreGeneratedDocument.Views__ViewStart/&lt;ExecuteAsync&gt;d__0" filename="Views\_ViewStart.cshtml" line-rate="0" branch-rate="1" complexity="1">
          <methods>
            <method name="MoveNext" signature="()" line-rate="0" branch-rate="1" complexity="1">
              <lines>
                <line number="2" hits="0" branch="False" />
              </lines>
            </method>
          </methods>
          <lines>
            <line number="2" hits="0" branch="False" />
          </lines>
        </class>
        <class name="ChampionsLeagueTeamsApp.Program/&lt;&gt;c" filename="Program.cs" line-rate="0" branch-rate="1" complexity="2">
          <methods>
            <method name="&lt;Main&gt;b__0_1" signature="(Microsoft.AspNetCore.Identity.IdentityOptions)" line-rate="0" branch-rate="1" complexity="1">
              <lines>
                <line number="19" hits="0" branch="False" />
              </lines>
            </method>
            <method name="&lt;Main&gt;b__0_2" signature="(Microsoft.AspNetCore.Mvc.MvcOptions)" line-rate="0" branch-rate="1" complexity="1">
              <lines>
                <line number="35" hits="0" branch="False" />
                <line number="36" hits="0" branch="False" />
                <line number="37" hits="0" branch="False" />
              </lines>
            </method>
          </methods>
          <lines>
            <line number="19" hits="0" branch="False" />
            <line number="35" hits="0" branch="False" />
            <line number="36" hits="0" branch="False" />
            <line number="37" hits="0" branch="False" />
          </lines>
        </class>
        <class name="ChampionsLeagueTeamsApp.Program/&lt;&gt;c__DisplayClass0_0" filename="Program.cs" line-rate="0" branch-rate="1" complexity="1">
          <methods>
            <method name="&lt;Main&gt;b__0" signature="(Microsoft.EntityFrameworkCore.DbContextOptionsBuilder)" line-rate="0" branch-rate="1" complexity="1">
              <lines>
                <line number="17" hits="0" branch="False" />
              </lines>
            </method>
          </methods>
          <lines>
            <line number="17" hits="0" branch="False" />
          </lines>
        </class>
        <class name="ChampionsLeagueTeamsApp.Program/&lt;Main&gt;d__0" filename="Program.cs" line-rate="0" branch-rate="0" complexity="8">
          <methods>
            <method name="MoveNext" signature="()" line-rate="0" branch-rate="0" complexity="8">
              <lines>
                <line number="12" hits="0" branch="False" />
                <line number="13" hits="0" branch="False" />
                <line number="16" hits="0" branch="False" />
                <line number="20" hits="0" branch="False" />
                <line number="21" hits="0" branch="False" />
                <line number="24" hits="0" branch="False" />
                <line number="25" hits="0" branch="False" />
                <line number="26" hits="0" branch="False" />
                <line number="27" hits="0" branch="False" />
                <line number="28" hits="0" branch="False" />
                <line number="31" hits="0" branch="False" />
                <line number="34" hits="0" branch="False" />
                <line number="38" hits="0" branch="False" />
                <line number="41" hits="0" branch="False" />
                <line number="43" hits="0" branch="False" />
                <line number="46" hits="0" branch="False" />
                <line number="47" hits="0" branch="False" />
                <line number="48" hits="0" branch="False" />
                <line number="49" hits="0" branch="False" />
                <line number="51" hits="0" branch="False" />
                <line number="52" hits="0" branch="False" />
                <line number="55" hits="0" branch="True" condition-coverage="0% (0/2)">
                  <conditions>
                    <condition number="707" type="jump" coverage="0%" />
                  </conditions>
                </line>
                <line number="56" hits="0" branch="False" />
                <line number="57" hits="0" branch="False" />
                <line number="58" hits="0" branch="False" />
                <line number="60" hits="0" branch="True" condition-coverage="0% (0/2)">
                  <conditions>
                    <condition number="952" type="jump" coverage="0%" />
                  </conditions>
                </line>
                <line number="61" hits="0" branch="False" />
                <line number="62" hits="0" branch="False" />
                <line number="63" hits="0" branch="False" />
                <line number="66" hits="0" branch="False" />
                <line number="67" hits="0" branch="False" />
                <line number="68" hits="0" branch="True" condition-coverage="0% (0/2)">
                  <conditions>
                    <condition number="1220" type="jump" coverage="0%" />
                  </conditions>
                </line>
                <line number="69" hits="0" branch="False" />
                <line number="70" hits="0" branch="False" />
                <line number="71" hits="0" branch="False" />
                <line number="72" hits="0" branch="False" />
                <line number="73" hits="0" branch="False" />
                <line number="74" hits="0" branch="False" />
                <line number="77" hits="0" branch="True" condition-coverage="0% (0/2)">
                  <conditions>
                    <condition number="1610" type="jump" coverage="0%" />
                  </conditions>
                </line>
                <line number="78" hits="0" branch="False" />
                <line number="79" hits="0" branch="False" />
                <line number="80" hits="0" branch="False" />
                <line number="81" hits="0" branch="False" />
                <line number="82" hits="0" branch="False" />
                <line number="83" hits="0" branch="False" />
                <line number="86" hits="0" branch="False" />
                <line number="88" hits="0" branch="False" />
                <line number="89" hits="0" branch="False" />
                <line number="91" hits="0" branch="False" />
                <line number="94" hits="0" branch="False" />
                <line number="95" hits="0" branch="False" />
                <line number="98" hits="0" branch="False" />
                <line number="99" hits="0" branch="False" />
                <line number="100" hits="0" branch="False" />
                <line number="103" hits="0" branch="False" />
                <line number="104" hits="0" branch="False" />
                <line number="105" hits="0" branch="False" />
                <line number="108" hits="0" branch="False" />
                <line number="110" hits="0" branch="False" />
                <line number="111" hits="0" branch="False" />
              </lines>
            </method>
          </methods>
          <lines>
            <line number="12" hits="0" branch="False" />
            <line number="13" hits="0" branch="False" />
            <line number="16" hits="0" branch="False" />
            <line number="20" hits="0" branch="False" />
            <line number="21" hits="0" branch="False" />
            <line number="24" hits="0" branch="False" />
            <line number="25" hits="0" branch="False" />
            <line number="26" hits="0" branch="False" />
            <line number="27" hits="0" branch="False" />
            <line number="28" hits="0" branch="False" />
            <line number="31" hits="0" branch="False" />
            <line number="34" hits="0" branch="False" />
            <line number="38" hits="0" branch="False" />
            <line number="41" hits="0" branch="False" />
            <line number="43" hits="0" branch="False" />
            <line number="46" hits="0" branch="False" />
            <line number="47" hits="0" branch="False" />
            <line number="48" hits="0" branch="False" />
            <line number="49" hits="0" branch="False" />
            <line number="51" hits="0" branch="False" />
            <line number="52" hits="0" branch="False" />
            <line number="55" hits="0" branch="True" condition-coverage="0% (0/2)">
              <conditions>
                <condition number="707" type="jump" coverage="0%" />
              </conditions>
            </line>
            <line number="56" hits="0" branch="False" />
            <line number="57" hits="0" branch="False" />
            <line number="58" hits="0" branch="False" />
            <line number="60" hits="0" branch="True" condition-coverage="0% (0/2)">
              <conditions>
                <condition number="952" type="jump" coverage="0%" />
              </conditions>
            </line>
            <line number="61" hits="0" branch="False" />
            <line number="62" hits="0" branch="False" />
            <line number="63" hits="0" branch="False" />
            <line number="66" hits="0" branch="False" />
            <line number="67" hits="0" branch="False" />
            <line number="68" hits="0" branch="True" condition-coverage="0% (0/2)">
              <conditions>
                <condition number="1220" type="jump" coverage="0%" />
              </conditions>
            </line>
            <line number="69" hits="0" branch="False" />
            <line number="70" hits="0" branch="False" />
            <line number="71" hits="0" branch="False" />
            <line number="72" hits="0" branch="False" />
            <line number="73" hits="0" branch="False" />
            <line number="74" hits="0" branch="False" />
            <line number="77" hits="0" branch="True" condition-coverage="0% (0/2)">
              <conditions>
                <condition number="1610" type="jump" coverage="0%" />
              </conditions>
            </line>
            <line number="78" hits="0" branch="False" />
            <line number="79" hits="0" branch="False" />
            <line number="80" hits="0" branch="False" />
            <line number="81" hits="0" branch="False" />
            <line number="82" hits="0" branch="False" />
            <line number="83" hits="0" branch="False" />
            <line number="86" hits="0" branch="False" />
            <line number="88" hits="0" branch="False" />
            <line number="89" hits="0" branch="False" />
            <line number="91" hits="0" branch="False" />
            <line number="94" hits="0" branch="False" />
            <line number="95" hits="0" branch="False" />
            <line number="98" hits="0" branch="False" />
            <line number="99" hits="0" branch="False" />
            <line number="100" hits="0" branch="False" />
            <line number="103" hits="0" branch="False" />
            <line number="104" hits="0" branch="False" />
            <line number="105" hits="0" branch="False" />
            <line number="108" hits="0" branch="False" />
            <line number="110" hits="0" branch="False" />
            <line number="111" hits="0" branch="False" />
          </lines>
        </class>
        <class name="ChampionsLeagueTeamsApp.ViewModels.LoginViewModel" filename="ViewModels\LoginViewModel.cs" line-rate="0" branch-rate="1" complexity="3">
          <methods>
            <method name="get_Username" signature="()" line-rate="0" branch-rate="1" complexity="1">
              <lines>
                <line number="8" hits="0" branch="False" />
              </lines>
            </method>
            <method name="get_Password" signature="()" line-rate="0" branch-rate="1" complexity="1">
              <lines>
                <line number="12" hits="0" branch="False" />
              </lines>
            </method>
            <method name="get_RememberMe" signature="()" line-rate="0" branch-rate="1" complexity="1">
              <lines>
                <line number="14" hits="0" branch="False" />
              </lines>
            </method>
          </methods>
          <lines>
            <line number="8" hits="0" branch="False" />
            <line number="12" hits="0" branch="False" />
            <line number="14" hits="0" branch="False" />
          </lines>
        </class>
        <class name="ChampionsLeagueTeamsApp.ViewModels.RegisterViewModel" filename="ViewModels\RegisterViewModel.cs" line-rate="0" branch-rate="1" complexity="3">
          <methods>
            <method name="get_Username" signature="()" line-rate="0" branch-rate="1" complexity="1">
              <lines>
                <line number="9" hits="0" branch="False" />
              </lines>
            </method>
            <method name="get_Email" signature="()" line-rate="0" branch-rate="1" complexity="1">
              <lines>
                <line number="13" hits="0" branch="False" />
              </lines>
            </method>
            <method name="get_Password" signature="()" line-rate="0" branch-rate="1" complexity="1">
              <lines>
                <line number="18" hits="0" branch="False" />
              </lines>
            </method>
          </methods>
          <lines>
            <line number="9" hits="0" branch="False" />
            <line number="13" hits="0" branch="False" />
            <line number="18" hits="0" branch="False" />
          </lines>
        </class>
        <class name="ChampionsLeagueTeamsApp.Models.Coach" filename="Models\Coach.cs" line-rate="0" branch-rate="1" complexity="5">
          <methods>
            <method name="get_Id" signature="()" line-rate="0" branch-rate="1" complexity="1">
              <lines>
                <line number="7" hits="0" branch="False" />
              </lines>
            </method>
            <method name="get_Name" signature="()" line-rate="0" branch-rate="1" complexity="1">
              <lines>
                <line number="11" hits="0" branch="False" />
              </lines>
            </method>
            <method name="get_Experience" signature="()" line-rate="0" branch-rate="1" complexity="1">
              <lines>
                <line number="14" hits="0" branch="False" />
              </lines>
            </method>
            <method name="get_TeamId" signature="()" line-rate="0" branch-rate="1" complexity="1">
              <lines>
                <line number="16" hits="0" branch="False" />
              </lines>
            </method>
            <method name="get_Team" signature="()" line-rate="0" branch-rate="1" complexity="1">
              <lines>
                <line number="17" hits="0" branch="False" />
              </lines>
            </method>
          </methods>
          <lines>
            <line number="7" hits="0" branch="False" />
            <line number="11" hits="0" branch="False" />
            <line number="14" hits="0" branch="False" />
            <line number="16" hits="0" branch="False" />
            <line number="17" hits="0" branch="False" />
          </lines>
        </class>
        <class name="ChampionsLeagueTeamsApp.Models.ErrorViewModel" filename="Models\ErrorViewModel.cs" line-rate="0" branch-rate="1" complexity="2">
          <methods>
            <method name="get_RequestId" signature="()" line-rate="0" branch-rate="1" complexity="1">
              <lines>
                <line number="5" hits="0" branch="False" />
              </lines>
            </method>
            <method name="get_ShowRequestId" signature="()" line-rate="0" branch-rate="1" complexity="1">
              <lines>
                <line number="7" hits="0" branch="False" />
              </lines>
            </method>
          </methods>
          <lines>
            <line number="5" hits="0" branch="False" />
            <line number="7" hits="0" branch="False" />
          </lines>
        </class>
        <class name="ChampionsLeagueTeamsApp.Models.Player" filename="Models\Player.cs" line-rate="0" branch-rate="1" complexity="6">
          <methods>
            <method name="get_Id" signature="()" line-rate="0" branch-rate="1" complexity="1">
              <lines>
                <line number="7" hits="0" branch="False" />
              </lines>
            </method>
            <method name="get_Name" signature="()" line-rate="0" branch-rate="1" complexity="1">
              <lines>
                <line number="11" hits="0" branch="False" />
              </lines>
            </method>
            <method name="get_Position" signature="()" line-rate="0" branch-rate="1" complexity="1">
              <lines>
                <line number="15" hits="0" branch="False" />
              </lines>
            </method>
            <method name="get_Goals" signature="()" line-rate="0" branch-rate="1" complexity="1">
              <lines>
                <line number="16" hits="0" branch="False" />
              </lines>
            </method>
            <method name="get_TeamId" signature="()" line-rate="0" branch-rate="1" complexity="1">
              <lines>
                <line number="17" hits="0" branch="False" />
              </lines>
            </method>
            <method name="get_Team" signature="()" line-rate="0" branch-rate="1" complexity="1">
              <lines>
                <line number="18" hits="0" branch="False" />
              </lines>
            </method>
          </methods>
          <lines>
            <line number="7" hits="0" branch="False" />
            <line number="11" hits="0" branch="False" />
            <line number="15" hits="0" branch="False" />
            <line number="16" hits="0" branch="False" />
            <line number="17" hits="0" branch="False" />
            <line number="18" hits="0" branch="False" />
          </lines>
        </class>
        <class name="ChampionsLeagueTeamsApp.Models.Stadium" filename="Models\Stadium.cs" line-rate="0" branch-rate="1" complexity="6">
          <methods>
            <method name="get_Id" signature="()" line-rate="0" branch-rate="1" complexity="1">
              <lines>
                <line number="7" hits="0" branch="False" />
              </lines>
            </method>
            <method name="get_Name" signature="()" line-rate="0" branch-rate="1" complexity="1">
              <lines>
                <line number="11" hits="0" branch="False" />
              </lines>
            </method>
            <method name="get_Capacity" signature="()" line-rate="0" branch-rate="1" complexity="1">
              <lines>
                <line number="14" hits="0" branch="False" />
              </lines>
            </method>
            <method name="get_Location" signature="()" line-rate="0" branch-rate="1" complexity="1">
              <lines>
                <line number="15" hits="0" branch="False" />
              </lines>
            </method>
            <method name="get_TeamId" signature="()" line-rate="0" branch-rate="1" complexity="1">
              <lines>
                <line number="17" hits="0" branch="False" />
              </lines>
            </method>
            <method name="get_Team" signature="()" line-rate="0" branch-rate="1" complexity="1">
              <lines>
                <line number="18" hits="0" branch="False" />
              </lines>
            </method>
          </methods>
          <lines>
            <line number="7" hits="0" branch="False" />
            <line number="11" hits="0" branch="False" />
            <line number="14" hits="0" branch="False" />
            <line number="15" hits="0" branch="False" />
            <line number="17" hits="0" branch="False" />
            <line number="18" hits="0" branch="False" />
          </lines>
        </class>
        <class name="ChampionsLeagueTeamsApp.Models.Team" filename="Models\Team.cs" line-rate="1" branch-rate="1" complexity="5">
          <methods>
            <method name="get_Id" signature="()" line-rate="1" branch-rate="1" complexity="1">
              <lines>
                <line number="7" hits="10" branch="False" />
              </lines>
            </method>
            <method name="get_Name" signature="()" line-rate="1" branch-rate="1" complexity="1">
              <lines>
                <line number="11" hits="58" branch="False" />
              </lines>
            </method>
            <method name="get_Country" signature="()" line-rate="1" branch-rate="1" complexity="1">
              <lines>
                <line number="14" hits="41" branch="False" />
              </lines>
            </method>
            <method name="get_ChampionsLeagueWins" signature="()" line-rate="1" branch-rate="1" complexity="1">
              <lines>
                <line number="17" hits="13" branch="False" />
              </lines>
            </method>
            <method name="get_Titles" signature="()" line-rate="1" branch-rate="1" complexity="1">
              <lines>
                <line number="19" hits="19" branch="False" />
              </lines>
            </method>
          </methods>
          <lines>
            <line number="7" hits="10" branch="False" />
            <line number="11" hits="58" branch="False" />
            <line number="14" hits="41" branch="False" />
            <line number="17" hits="13" branch="False" />
            <line number="19" hits="19" branch="False" />
          </lines>
        </class>
        <class name="ChampionsLeagueTeamsApp.Models.Title" filename="Models\Title.cs" line-rate="0" branch-rate="1" complexity="4">
          <methods>
            <method name="get_Id" signature="()" line-rate="0" branch-rate="1" complexity="1">
              <lines>
                <line number="7" hits="0" branch="False" />
              </lines>
            </method>
            <method name="get_Year" signature="()" line-rate="0" branch-rate="1" complexity="1">
              <lines>
                <line number="11" hits="0" branch="False" />
              </lines>
            </method>
            <method name="get_TeamId" signature="()" line-rate="0" branch-rate="1" complexity="1">
              <lines>
                <line number="14" hits="0" branch="False" />
              </lines>
            </method>
            <method name="get_Team" signature="()" line-rate="0" branch-rate="1" complexity="1">
              <lines>
                <line number="15" hits="0" branch="False" />
              </lines>
            </method>
          </methods>
          <lines>
            <line number="7" hits="0" branch="False" />
            <line number="11" hits="0" branch="False" />
            <line number="14" hits="0" branch="False" />
            <line number="15" hits="0" branch="False" />
          </lines>
        </class>
        <class name="ChampionsLeagueTeamsApp.Migrations.InitialCreate" filename="Migrations\20241121091514_InitialCreate.cs" line-rate="0" branch-rate="1" complexity="2">
          <methods>
            <method name="Up" signature="(Microsoft.EntityFrameworkCore.Migrations.MigrationBuilder)" line-rate="0" branch-rate="1" complexity="1">
              <lines>
                <line number="13" hits="0" branch="False" />
                <line number="14" hits="0" branch="False" />
                <line number="15" hits="0" branch="False" />
                <line number="16" hits="0" branch="False" />
                <line number="17" hits="0" branch="False" />
                <line number="18" hits="0" branch="False" />
                <line number="19" hits="0" branch="False" />
                <line number="20" hits="0" branch="False" />
                <line number="21" hits="0" branch="False" />
                <line number="22" hits="0" branch="False" />
                <line number="23" hits="0" branch="False" />
                <line number="24" hits="0" branch="False" />
                <line number="25" hits="0" branch="False" />
                <line number="26" hits="0" branch="False" />
                <line number="28" hits="0" branch="False" />
                <line number="29" hits="0" branch="False" />
                <line number="30" hits="0" branch="False" />
                <line number="31" hits="0" branch="False" />
                <line number="32" hits="0" branch="False" />
                <line number="33" hits="0" branch="False" />
                <line number="34" hits="0" branch="False" />
                <line number="35" hits="0" branch="False" />
                <line number="36" hits="0" branch="False" />
                <line number="37" hits="0" branch="False" />
                <line number="38" hits="0" branch="False" />
                <line number="39" hits="0" branch="False" />
                <line number="40" hits="0" branch="False" />
                <line number="41" hits="0" branch="False" />
                <line number="42" hits="0" branch="False" />
                <line number="43" hits="0" branch="False" />
                <line number="44" hits="0" branch="False" />
                <line number="45" hits="0" branch="False" />
                <line number="46" hits="0" branch="False" />
                <line number="47" hits="0" branch="False" />
                <line number="48" hits="0" branch="False" />
                <line number="49" hits="0" branch="False" />
                <line number="50" hits="0" branch="False" />
                <line number="51" hits="0" branch="False" />
                <line number="53" hits="0" branch="False" />
                <line number="54" hits="0" branch="False" />
                <line number="55" hits="0" branch="False" />
                <line number="56" hits="0" branch="False" />
                <line number="57" hits="0" branch="False" />
                <line number="58" hits="0" branch="False" />
                <line number="59" hits="0" branch="False" />
                <line number="60" hits="0" branch="False" />
                <line number="61" hits="0" branch="False" />
                <line number="62" hits="0" branch="False" />
                <line number="63" hits="0" branch="False" />
                <line number="64" hits="0" branch="False" />
                <line number="65" hits="0" branch="False" />
                <line number="66" hits="0" branch="False" />
                <line number="68" hits="0" branch="False" />
                <line number="69" hits="0" branch="False" />
                <line number="70" hits="0" branch="False" />
                <line number="71" hits="0" branch="False" />
                <line number="72" hits="0" branch="False" />
                <line number="73" hits="0" branch="False" />
                <line number="74" hits="0" branch="False" />
                <line number="75" hits="0" branch="False" />
                <line number="76" hits="0" branch="False" />
                <line number="77" hits="0" branch="False" />
                <line number="78" hits="0" branch="False" />
                <line number="79" hits="0" branch="False" />
                <line number="80" hits="0" branch="False" />
                <line number="81" hits="0" branch="False" />
                <line number="82" hits="0" branch="False" />
                <line number="83" hits="0" branch="False" />
                <line number="84" hits="0" branch="False" />
                <line number="85" hits="0" branch="False" />
                <line number="86" hits="0" branch="False" />
                <line number="87" hits="0" branch="False" />
                <line number="89" hits="0" branch="False" />
                <line number="90" hits="0" branch="False" />
                <line number="91" hits="0" branch="False" />
                <line number="92" hits="0" branch="False" />
                <line number="93" hits="0" branch="False" />
                <line number="94" hits="0" branch="False" />
                <line number="95" hits="0" branch="False" />
                <line number="96" hits="0" branch="False" />
                <line number="97" hits="0" branch="False" />
                <line number="98" hits="0" branch="False" />
                <line number="99" hits="0" branch="False" />
                <line number="100" hits="0" branch="False" />
                <line number="101" hits="0" branch="False" />
                <line number="102" hits="0" branch="False" />
                <line number="103" hits="0" branch="False" />
                <line number="104" hits="0" branch="False" />
                <line number="105" hits="0" branch="False" />
                <line number="106" hits="0" branch="False" />
                <line number="107" hits="0" branch="False" />
                <line number="108" hits="0" branch="False" />
                <line number="110" hits="0" branch="False" />
                <line number="111" hits="0" branch="False" />
                <line number="112" hits="0" branch="False" />
                <line number="113" hits="0" branch="False" />
                <line number="114" hits="0" branch="False" />
                <line number="115" hits="0" branch="False" />
                <line number="116" hits="0" branch="False" />
                <line number="117" hits="0" branch="False" />
                <line number="118" hits="0" branch="False" />
                <line number="119" hits="0" branch="False" />
                <line number="120" hits="0" branch="False" />
                <line number="121" hits="0" branch="False" />
                <line number="122" hits="0" branch="False" />
                <line number="123" hits="0" branch="False" />
                <line number="124" hits="0" branch="False" />
                <line number="125" hits="0" branch="False" />
                <line number="126" hits="0" branch="False" />
                <line number="127" hits="0" branch="False" />
                <line number="128" hits="0" branch="False" />
                <line number="130" hits="0" branch="False" />
                <line number="131" hits="0" branch="False" />
                <line number="132" hits="0" branch="False" />
                <line number="133" hits="0" branch="False" />
                <line number="134" hits="0" branch="False" />
                <line number="135" hits="0" branch="False" />
                <line number="136" hits="0" branch="False" />
                <line number="137" hits="0" branch="False" />
                <line number="138" hits="0" branch="False" />
                <line number="139" hits="0" branch="False" />
                <line number="140" hits="0" branch="False" />
                <line number="141" hits="0" branch="False" />
                <line number="142" hits="0" branch="False" />
                <line number="143" hits="0" branch="False" />
                <line number="144" hits="0" branch="False" />
                <line number="145" hits="0" branch="False" />
                <line number="146" hits="0" branch="False" />
                <line number="147" hits="0" branch="False" />
                <line number="148" hits="0" branch="False" />
                <line number="149" hits="0" branch="False" />
                <line number="150" hits="0" branch="False" />
                <line number="151" hits="0" branch="False" />
                <line number="152" hits="0" branch="False" />
                <line number="154" hits="0" branch="False" />
                <line number="155" hits="0" branch="False" />
                <line number="156" hits="0" branch="False" />
                <line number="157" hits="0" branch="False" />
                <line number="158" hits="0" branch="False" />
                <line number="159" hits="0" branch="False" />
                <line number="160" hits="0" branch="False" />
                <line number="161" hits="0" branch="False" />
                <line number="162" hits="0" branch="False" />
                <line number="163" hits="0" branch="False" />
                <line number="164" hits="0" branch="False" />
                <line number="165" hits="0" branch="False" />
                <line number="166" hits="0" branch="False" />
                <line number="167" hits="0" branch="False" />
                <line number="168" hits="0" branch="False" />
                <line number="169" hits="0" branch="False" />
                <line number="170" hits="0" branch="False" />
                <line number="171" hits="0" branch="False" />
                <line number="172" hits="0" branch="False" />
                <line number="174" hits="0" branch="False" />
                <line number="175" hits="0" branch="False" />
                <line number="176" hits="0" branch="False" />
                <line number="177" hits="0" branch="False" />
                <line number="178" hits="0" branch="False" />
                <line number="179" hits="0" branch="False" />
                <line number="180" hits="0" branch="False" />
                <line number="181" hits="0" branch="False" />
                <line number="182" hits="0" branch="False" />
                <line number="183" hits="0" branch="False" />
                <line number="184" hits="0" branch="False" />
                <line number="185" hits="0" branch="False" />
                <line number="186" hits="0" branch="False" />
                <line number="187" hits="0" branch="False" />
                <line number="188" hits="0" branch="False" />
                <line number="189" hits="0" branch="False" />
                <line number="190" hits="0" branch="False" />
                <line number="191" hits="0" branch="False" />
                <line number="192" hits="0" branch="False" />
                <line number="193" hits="0" branch="False" />
                <line number="195" hits="0" branch="False" />
                <line number="196" hits="0" branch="False" />
                <line number="197" hits="0" branch="False" />
                <line number="198" hits="0" branch="False" />
                <line number="199" hits="0" branch="False" />
                <line number="200" hits="0" branch="False" />
                <line number="201" hits="0" branch="False" />
                <line number="202" hits="0" branch="False" />
                <line number="203" hits="0" branch="False" />
                <line number="204" hits="0" branch="False" />
                <line number="205" hits="0" branch="False" />
                <line number="206" hits="0" branch="False" />
                <line number="207" hits="0" branch="False" />
                <line number="208" hits="0" branch="False" />
                <line number="209" hits="0" branch="False" />
                <line number="210" hits="0" branch="False" />
                <line number="211" hits="0" branch="False" />
                <line number="212" hits="0" branch="False" />
                <line number="213" hits="0" branch="False" />
                <line number="214" hits="0" branch="False" />
                <line number="215" hits="0" branch="False" />
                <line number="217" hits="0" branch="False" />
                <line number="218" hits="0" branch="False" />
                <line number="219" hits="0" branch="False" />
                <line number="220" hits="0" branch="False" />
                <line number="221" hits="0" branch="False" />
                <line number="222" hits="0" branch="False" />
                <line number="223" hits="0" branch="False" />
                <line number="224" hits="0" branch="False" />
                <line number="225" hits="0" branch="False" />
                <line number="226" hits="0" branch="False" />
                <line number="227" hits="0" branch="False" />
                <line number="228" hits="0" branch="False" />
                <line number="229" hits="0" branch="False" />
                <line number="230" hits="0" branch="False" />
                <line number="231" hits="0" branch="False" />
                <line number="232" hits="0" branch="False" />
                <line number="233" hits="0" branch="False" />
                <line number="234" hits="0" branch="False" />
                <line number="235" hits="0" branch="False" />
                <line number="236" hits="0" branch="False" />
                <line number="237" hits="0" branch="False" />
                <line number="239" hits="0" branch="False" />
                <line number="240" hits="0" branch="False" />
                <line number="241" hits="0" branch="False" />
                <line number="242" hits="0" branch="False" />
                <line number="243" hits="0" branch="False" />
                <line number="244" hits="0" branch="False" />
                <line number="245" hits="0" branch="False" />
                <line number="246" hits="0" branch="False" />
                <line number="247" hits="0" branch="False" />
                <line number="248" hits="0" branch="False" />
                <line number="249" hits="0" branch="False" />
                <line number="250" hits="0" branch="False" />
                <line number="251" hits="0" branch="False" />
                <line number="252" hits="0" branch="False" />
                <line number="253" hits="0" branch="False" />
                <line number="254" hits="0" branch="False" />
                <line number="255" hits="0" branch="False" />
                <line number="256" hits="0" branch="False" />
                <line number="257" hits="0" branch="False" />
                <line number="259" hits="0" branch="False" />
                <line number="260" hits="0" branch="False" />
                <line number="261" hits="0" branch="False" />
                <line number="262" hits="0" branch="False" />
                <line number="264" hits="0" branch="False" />
                <line number="265" hits="0" branch="False" />
                <line number="266" hits="0" branch="False" />
                <line number="267" hits="0" branch="False" />
                <line number="268" hits="0" branch="False" />
                <line number="269" hits="0" branch="False" />
                <line number="271" hits="0" branch="False" />
                <line number="272" hits="0" branch="False" />
                <line number="273" hits="0" branch="False" />
                <line number="274" hits="0" branch="False" />
                <line number="276" hits="0" branch="False" />
                <line number="277" hits="0" branch="False" />
                <line number="278" hits="0" branch="False" />
                <line number="279" hits="0" branch="False" />
                <line number="281" hits="0" branch="False" />
                <line number="282" hits="0" branch="False" />
                <line number="283" hits="0" branch="False" />
                <line number="284" hits="0" branch="False" />
                <line number="286" hits="0" branch="False" />
                <line number="287" hits="0" branch="False" />
                <line number="288" hits="0" branch="False" />
                <line number="289" hits="0" branch="False" />
                <line number="291" hits="0" branch="False" />
                <line number="292" hits="0" branch="False" />
                <line number="293" hits="0" branch="False" />
                <line number="294" hits="0" branch="False" />
                <line number="295" hits="0" branch="False" />
                <line number="296" hits="0" branch="False" />
                <line number="298" hits="0" branch="False" />
                <line number="299" hits="0" branch="False" />
                <line number="300" hits="0" branch="False" />
                <line number="301" hits="0" branch="False" />
                <line number="303" hits="0" branch="False" />
                <line number="304" hits="0" branch="False" />
                <line number="305" hits="0" branch="False" />
                <line number="306" hits="0" branch="False" />
                <line number="308" hits="0" branch="False" />
                <line number="309" hits="0" branch="False" />
                <line number="310" hits="0" branch="False" />
                <line number="311" hits="0" branch="False" />
                <line number="313" hits="0" branch="False" />
                <line number="314" hits="0" branch="False" />
                <line number="315" hits="0" branch="False" />
                <line number="316" hits="0" branch="False" />
                <line number="317" hits="0" branch="False" />
                <line number="319" hits="0" branch="False" />
                <line number="320" hits="0" branch="False" />
                <line number="321" hits="0" branch="False" />
                <line number="322" hits="0" branch="False" />
                <line number="323" hits="0" branch="False" />
              </lines>
            </method>
            <method name="Down" signature="(Microsoft.EntityFrameworkCore.Migrations.MigrationBuilder)" line-rate="0" branch-rate="1" complexity="1">
              <lines>
                <line number="327" hits="0" branch="False" />
                <line number="328" hits="0" branch="False" />
                <line number="329" hits="0" branch="False" />
                <line number="331" hits="0" branch="False" />
                <line number="332" hits="0" branch="False" />
                <line number="334" hits="0" branch="False" />
                <line number="335" hits="0" branch="False" />
                <line number="337" hits="0" branch="False" />
                <line number="338" hits="0" branch="False" />
                <line number="340" hits="0" branch="False" />
                <line number="341" hits="0" branch="False" />
                <line number="343" hits="0" branch="False" />
                <line number="344" hits="0" branch="False" />
                <line number="346" hits="0" branch="False" />
                <line number="347" hits="0" branch="False" />
                <line number="349" hits="0" branch="False" />
                <line number="350" hits="0" branch="False" />
                <line number="352" hits="0" branch="False" />
                <line number="353" hits="0" branch="False" />
                <line number="355" hits="0" branch="False" />
                <line number="356" hits="0" branch="False" />
                <line number="358" hits="0" branch="False" />
                <line number="359" hits="0" branch="False" />
                <line number="361" hits="0" branch="False" />
                <line number="362" hits="0" branch="False" />
                <line number="363" hits="0" branch="False" />
              </lines>
            </method>
          </methods>
          <lines>
            <line number="13" hits="0" branch="False" />
            <line number="14" hits="0" branch="False" />
            <line number="15" hits="0" branch="False" />
            <line number="16" hits="0" branch="False" />
            <line number="17" hits="0" branch="False" />
            <line number="18" hits="0" branch="False" />
            <line number="19" hits="0" branch="False" />
            <line number="20" hits="0" branch="False" />
            <line number="21" hits="0" branch="False" />
            <line number="22" hits="0" branch="False" />
            <line number="23" hits="0" branch="False" />
            <line number="24" hits="0" branch="False" />
            <line number="25" hits="0" branch="False" />
            <line number="26" hits="0" branch="False" />
            <line number="28" hits="0" branch="False" />
            <line number="29" hits="0" branch="False" />
            <line number="30" hits="0" branch="False" />
            <line number="31" hits="0" branch="False" />
            <line number="32" hits="0" branch="False" />
            <line number="33" hits="0" branch="False" />
            <line number="34" hits="0" branch="False" />
            <line number="35" hits="0" branch="False" />
            <line number="36" hits="0" branch="False" />
            <line number="37" hits="0" branch="False" />
            <line number="38" hits="0" branch="False" />
            <line number="39" hits="0" branch="False" />
            <line number="40" hits="0" branch="False" />
            <line number="41" hits="0" branch="False" />
            <line number="42" hits="0" branch="False" />
            <line number="43" hits="0" branch="False" />
            <line number="44" hits="0" branch="False" />
            <line number="45" hits="0" branch="False" />
            <line number="46" hits="0" branch="False" />
            <line number="47" hits="0" branch="False" />
            <line number="48" hits="0" branch="False" />
            <line number="49" hits="0" branch="False" />
            <line number="50" hits="0" branch="False" />
            <line number="51" hits="0" branch="False" />
            <line number="53" hits="0" branch="False" />
            <line number="54" hits="0" branch="False" />
            <line number="55" hits="0" branch="False" />
            <line number="56" hits="0" branch="False" />
            <line number="57" hits="0" branch="False" />
            <line number="58" hits="0" branch="False" />
            <line number="59" hits="0" branch="False" />
            <line number="60" hits="0" branch="False" />
            <line number="61" hits="0" branch="False" />
            <line number="62" hits="0" branch="False" />
            <line number="63" hits="0" branch="False" />
            <line number="64" hits="0" branch="False" />
            <line number="65" hits="0" branch="False" />
            <line number="66" hits="0" branch="False" />
            <line number="68" hits="0" branch="False" />
            <line number="69" hits="0" branch="False" />
            <line number="70" hits="0" branch="False" />
            <line number="71" hits="0" branch="False" />
            <line number="72" hits="0" branch="False" />
            <line number="73" hits="0" branch="False" />
            <line number="74" hits="0" branch="False" />
            <line number="75" hits="0" branch="False" />
            <line number="76" hits="0" branch="False" />
            <line number="77" hits="0" branch="False" />
            <line number="78" hits="0" branch="False" />
            <line number="79" hits="0" branch="False" />
            <line number="80" hits="0" branch="False" />
            <line number="81" hits="0" branch="False" />
            <line number="82" hits="0" branch="False" />
            <line number="83" hits="0" branch="False" />
            <line number="84" hits="0" branch="False" />
            <line number="85" hits="0" branch="False" />
            <line number="86" hits="0" branch="False" />
            <line number="87" hits="0" branch="False" />
            <line number="89" hits="0" branch="False" />
            <line number="90" hits="0" branch="False" />
            <line number="91" hits="0" branch="False" />
            <line number="92" hits="0" branch="False" />
            <line number="93" hits="0" branch="False" />
            <line number="94" hits="0" branch="False" />
            <line number="95" hits="0" branch="False" />
            <line number="96" hits="0" branch="False" />
            <line number="97" hits="0" branch="False" />
            <line number="98" hits="0" branch="False" />
            <line number="99" hits="0" branch="False" />
            <line number="100" hits="0" branch="False" />
            <line number="101" hits="0" branch="False" />
            <line number="102" hits="0" branch="False" />
            <line number="103" hits="0" branch="False" />
            <line number="104" hits="0" branch="False" />
            <line number="105" hits="0" branch="False" />
            <line number="106" hits="0" branch="False" />
            <line number="107" hits="0" branch="False" />
            <line number="108" hits="0" branch="False" />
            <line number="110" hits="0" branch="False" />
            <line number="111" hits="0" branch="False" />
            <line number="112" hits="0" branch="False" />
            <line number="113" hits="0" branch="False" />
            <line number="114" hits="0" branch="False" />
            <line number="115" hits="0" branch="False" />
            <line number="116" hits="0" branch="False" />
            <line number="117" hits="0" branch="False" />
            <line number="118" hits="0" branch="False" />
            <line number="119" hits="0" branch="False" />
            <line number="120" hits="0" branch="False" />
            <line number="121" hits="0" branch="False" />
[...]
                <line number="25" hits="0" branch="False" />
                <line number="26" hits="0" branch="False" />
                <line number="27" hits="0" branch="False" />
                <line number="28" hits="0" branch="False" />
                <line number="29" hits="0" branch="False" />
              </lines>
            </method>
          </methods>
          <lines>
            <line number="24" hits="0" branch="False" />
            <line number="25" hits="0" branch="False" />
            <line number="26" hits="0" branch="False" />
            <line number="27" hits="0" branch="False" />
            <line number="28" hits="0" branch="False" />
            <line number="29" hits="0" branch="False" />
          </lines>
        </class>
        <class name="ChampionsLeagueTeamsApp.BusinessLogic.TeamService/&lt;GetTotalTeamsCountAsync&gt;d__5" filename="BusinessLogic\TeamService.cs" line-rate="0" branch-rate="1" complexity="1">
          <methods>
            <method name="MoveNext" signature="()" line-rate="0" branch-rate="1" complexity="1">
              <lines>
                <line number="39" hits="0" branch="False" />
                <line number="40" hits="0" branch="False" />
                <line number="41" hits="0" branch="False" />
              </lines>
            </method>
          </methods>
          <lines>
            <line number="39" hits="0" branch="False" />
            <line number="40" hits="0" branch="False" />
            <line number="41" hits="0" branch="False" />
          </lines>
        </class>
        <class name="ChampionsLeagueTeamsApp.BusinessLogic.TeamService/&lt;SearchTeamsAsync&gt;d__4" filename="BusinessLogic\TeamService.cs" line-rate="0" branch-rate="1" complexity="1">
          <methods>
            <method name="MoveNext" signature="()" line-rate="0" branch-rate="1" complexity="1">
              <lines>
                <line number="32" hits="0" branch="False" />
                <line number="33" hits="0" branch="False" />
                <line number="34" hits="0" branch="False" />
                <line number="35" hits="0" branch="False" />
                <line number="36" hits="0" branch="False" />
              </lines>
            </method>
          </methods>
          <lines>
            <line number="32" hits="0" branch="False" />
            <line number="33" hits="0" branch="False" />
            <line number="34" hits="0" branch="False" />
            <line number="35" hits="0" branch="False" />
            <line number="36" hits="0" branch="False" />
          </lines>
        </class>
        <class name="ChampionsLeagueTeamsApp.BusinessLogic.TitlesService" filename="BusinessLogic\TitlesService.cs" line-rate="0" branch-rate="1" complexity="1">
          <methods>
            <method name=".ctor" signature="(ChampionsLeagueTeamsApp.Data.ApplicationDbContext)" line-rate="0" branch-rate="1" complexity="1">
              <lines>
                <line number="11" hits="0" branch="False" />
                <line number="12" hits="0" branch="False" />
                <line number="13" hits="0" branch="False" />
                <line number="14" hits="0" branch="False" />
              </lines>
            </method>
          </methods>
          <lines>
            <line number="11" hits="0" branch="False" />
            <line number="12" hits="0" branch="False" />
            <line number="13" hits="0" branch="False" />
            <line number="14" hits="0" branch="False" />
          </lines>
        </class>
        <class name="ChampionsLeagueTeamsApp.BusinessLogic.TitlesService/&lt;GetAllTitlesAsync&gt;d__2" filename="BusinessLogic\TitlesService.cs" line-rate="0" branch-rate="1" complexity="1">
          <methods>
            <method name="MoveNext" signature="()" line-rate="0" branch-rate="1" complexity="1">
              <lines>
                <line number="18" hits="0" branch="False" />
                <line number="19" hits="0" branch="False" />
                <line number="20" hits="0" branch="False" />
              </lines>
            </method>
          </methods>
          <lines>
            <line number="18" hits="0" branch="False" />
            <line number="19" hits="0" branch="False" />
            <line number="20" hits="0" branch="False" />
          </lines>
        </class>
        <class name="ChampionsLeagueTeamsApp.BusinessLogic.TitlesService/&lt;GetTitlesWithPaginationAsync&gt;d__3" filename="BusinessLogic\TitlesService.cs" line-rate="0" branch-rate="1" complexity="1">
          <methods>
            <method name="MoveNext" signature="()" line-rate="0" branch-rate="1" complexity="1">
              <lines>
                <line number="24" hits="0" branch="False" />
                <line number="25" hits="0" branch="False" />
                <line number="26" hits="0" branch="False" />
                <line number="27" hits="0" branch="False" />
                <line number="28" hits="0" branch="False" />
                <line number="29" hits="0" branch="False" />
                <line number="30" hits="0" branch="False" />
              </lines>
            </method>
          </methods>
          <lines>
            <line number="24" hits="0" branch="False" />
            <line number="25" hits="0" branch="False" />
            <line number="26" hits="0" branch="False" />
            <line number="27" hits="0" branch="False" />
            <line number="28" hits="0" branch="False" />
            <line number="29" hits="0" branch="False" />
            <line number="30" hits="0" branch="False" />
          </lines>
        </class>
        <class name="ChampionsLeagueTeamsApp.BusinessLogic.TitlesService/&lt;SearchTitlesAsync&gt;d__4" filename="BusinessLogic\TitlesService.cs" line-rate="0" branch-rate="1" complexity="1">
          <methods>
            <method name="MoveNext" signature="()" line-rate="0" branch-rate="1" complexity="1">
              <lines>
                <line number="34" hits="0" branch="False" />
                <line number="35" hits="0" branch="False" />
                <line number="36" hits="0" branch="False" />
                <line number="37" hits="0" branch="False" />
                <line number="38" hits="0" branch="False" />
                <line number="39" hits="0" branch="False" />
              </lines>
            </method>
          </methods>
          <lines>
            <line number="34" hits="0" branch="False" />
            <line number="35" hits="0" branch="False" />
            <line number="36" hits="0" branch="False" />
            <line number="37" hits="0" branch="False" />
            <line number="38" hits="0" branch="False" />
            <line number="39" hits="0" branch="False" />
          </lines>
        </class>
        <class name="ChampionsLeagueTeamsApp.Areas.Identity.Controllers.AccountController" filename="Areas\Identity\Controllers\AccountController.cs" line-rate="0" branch-rate="0" complexity="5">
          <methods>
            <method name="Login" signature="()" line-rate="0" branch-rate="0" complexity="2">
              <lines>
                <line number="26" hits="0" branch="False" />
                <line number="27" hits="0" branch="True" condition-coverage="0% (0/2)">
                  <conditions>
                    <condition number="19" type="jump" coverage="0%" />
                  </conditions>
                </line>
                <line number="28" hits="0" branch="False" />
                <line number="29" hits="0" branch="False" />
                <line number="31" hits="0" branch="False" />
                <line number="32" hits="0" branch="False" />
              </lines>
            </method>
            <method name="Register" signature="()" line-rate="0" branch-rate="0" complexity="2">
              <lines>
                <line number="59" hits="0" branch="False" />
                <line number="60" hits="0" branch="True" condition-coverage="0% (0/2)">
                  <conditions>
                    <condition number="19" type="jump" coverage="0%" />
                  </conditions>
                </line>
                <line number="61" hits="0" branch="False" />
                <line number="62" hits="0" branch="False" />
                <line number="64" hits="0" branch="False" />
                <line number="65" hits="0" branch="False" />
              </lines>
            </method>
            <method name=".ctor" signature="(Microsoft.AspNetCore.Identity.UserManager`1&lt;Microsoft.AspNetCore.Identity.IdentityUser&gt;,Microsoft.AspNetCore.Identity.SignInManager`1&lt;Microsoft.AspNetCore.Identity.IdentityUser&gt;,Microsoft.Extensions.Logging.ILogger`1&lt;ChampionsLeagueTeamsApp.Areas.Identity.Controllers.AccountController&gt;)" line-rate="0" branch-rate="1" complexity="1">
              <lines>
                <line number="17" hits="0" branch="False" />
                <line number="18" hits="0" branch="False" />
                <line number="19" hits="0" branch="False" />
                <line number="20" hits="0" branch="False" />
                <line number="21" hits="0" branch="False" />
                <line number="22" hits="0" branch="False" />
              </lines>
            </method>
          </methods>
          <lines>
            <line number="26" hits="0" branch="False" />
            <line number="27" hits="0" branch="True" condition-coverage="0% (0/2)">
              <conditions>
                <condition number="19" type="jump" coverage="0%" />
              </conditions>
            </line>
            <line number="28" hits="0" branch="False" />
            <line number="29" hits="0" branch="False" />
            <line number="31" hits="0" branch="False" />
            <line number="32" hits="0" branch="False" />
            <line number="59" hits="0" branch="False" />
            <line number="60" hits="0" branch="True" condition-coverage="0% (0/2)">
              <conditions>
                <condition number="19" type="jump" coverage="0%" />
              </conditions>
            </line>
            <line number="61" hits="0" branch="False" />
            <line number="62" hits="0" branch="False" />
            <line number="64" hits="0" branch="False" />
            <line number="65" hits="0" branch="False" />
            <line number="17" hits="0" branch="False" />
            <line number="18" hits="0" branch="False" />
            <line number="19" hits="0" branch="False" />
            <line number="20" hits="0" branch="False" />
            <line number="21" hits="0" branch="False" />
            <line number="22" hits="0" branch="False" />
          </lines>
        </class>
        <class name="ChampionsLeagueTeamsApp.Areas.Identity.Controllers.AccountController/&lt;Login&gt;d__5" filename="Areas\Identity\Controllers\AccountController.cs" line-rate="0" branch-rate="0" complexity="6">
          <methods>
            <method name="MoveNext" signature="()" line-rate="0" branch-rate="0" complexity="6">
              <lines>
                <line number="37" hits="0" branch="False" />
                <line number="38" hits="0" branch="True" condition-coverage="0% (0/2)">
                  <conditions>
                    <condition number="50" type="jump" coverage="0%" />
                  </conditions>
                </line>
                <line number="39" hits="0" branch="False" />
                <line number="40" hits="0" branch="False" />
                <line number="43" hits="0" branch="False" />
                <line number="44" hits="0" branch="True" condition-coverage="0% (0/2)">
                  <conditions>
                    <condition number="231" type="jump" coverage="0%" />
                  </conditions>
                </line>
                <line number="45" hits="0" branch="False" />
                <line number="46" hits="0" branch="False" />
                <line number="47" hits="0" branch="True" condition-coverage="0% (0/2)">
                  <conditions>
                    <condition number="415" type="jump" coverage="0%" />
                  </conditions>
                </line>
                <line number="48" hits="0" branch="False" />
                <line number="49" hits="0" branch="False" />
                <line number="51" hits="0" branch="False" />
                <line number="53" hits="0" branch="False" />
                <line number="54" hits="0" branch="False" />
                <line number="55" hits="0" branch="False" />
              </lines>
            </method>
          </methods>
          <lines>
            <line number="37" hits="0" branch="False" />
            <line number="38" hits="0" branch="True" condition-coverage="0% (0/2)">
              <conditions>
                <condition number="50" type="jump" coverage="0%" />
              </conditions>
            </line>
            <line number="39" hits="0" branch="False" />
            <line number="40" hits="0" branch="False" />
            <line number="43" hits="0" branch="False" />
            <line number="44" hits="0" branch="True" condition-coverage="0% (0/2)">
              <conditions>
                <condition number="231" type="jump" coverage="0%" />
              </conditions>
            </line>
            <line number="45" hits="0" branch="False" />
            <line number="46" hits="0" branch="False" />
            <line number="47" hits="0" branch="True" condition-coverage="0% (0/2)">
              <conditions>
                <condition number="415" type="jump" coverage="0%" />
              </conditions>
            </line>
            <line number="48" hits="0" branch="False" />
            <line number="49" hits="0" branch="False" />
            <line number="51" hits="0" branch="False" />
            <line number="53" hits="0" branch="False" />
            <line number="54" hits="0" branch="False" />
            <line number="55" hits="0" branch="False" />
          </lines>
        </class>
        <class name="ChampionsLeagueTeamsApp.Areas.Identity.Controllers.AccountController/&lt;Register&gt;d__7" filename="Areas\Identity\Controllers\AccountController.cs" line-rate="0" branch-rate="0" complexity="10">
          <methods>
            <method name="MoveNext" signature="()" line-rate="0" branch-rate="0" complexity="10">
              <lines>
                <line number="70" hits="0" branch="False" />
                <line number="71" hits="0" branch="True" condition-coverage="0% (0/2)">
                  <conditions>
                    <condition number="64" type="jump" coverage="0%" />
                  </conditions>
                </line>
                <line number="72" hits="0" branch="False" />
                <line number="73" hits="0" branch="False" />
                <line number="76" hits="0" branch="True" condition-coverage="0% (0/2)">
                  <conditions>
                    <condition number="227" type="jump" coverage="0%" />
                  </conditions>
                </line>
                <line number="77" hits="0" branch="False" />
                <line number="78" hits="0" branch="False" />
                <line number="79" hits="0" branch="False" />
                <line number="82" hits="0" branch="True" condition-coverage="0% (0/2)">
                  <conditions>
                    <condition number="426" type="jump" coverage="0%" />
                  </conditions>
                </line>
                <line number="83" hits="0" branch="False" />
                <line number="84" hits="0" branch="False" />
                <line number="85" hits="0" branch="False" />
                <line number="88" hits="0" branch="False" />
                <line number="89" hits="0" branch="False" />
                <line number="91" hits="0" branch="True" condition-coverage="0% (0/2)">
                  <conditions>
                    <condition number="699" type="jump" coverage="0%" />
                  </conditions>
                </line>
                <line number="92" hits="0" branch="False" />
                <line number="93" hits="0" branch="False" />
                <line number="94" hits="0" branch="False" />
                <line number="97" hits="0" branch="True" condition-coverage="0% (0/2)">
                  <conditions>
                    <condition number="851" type="jump" coverage="0%" />
                  </conditions>
                </line>
                <line number="98" hits="0" branch="False" />
                <line number="99" hits="0" branch="False" />
                <line number="100" hits="0" branch="False" />
                <line number="101" hits="0" branch="False" />
                <line number="102" hits="0" branch="False" />
              </lines>
            </method>
          </methods>
          <lines>
            <line number="70" hits="0" branch="False" />
            <line number="71" hits="0" branch="True" condition-coverage="0% (0/2)">
              <conditions>
                <condition number="64" type="jump" coverage="0%" />
              </conditions>
            </line>
            <line number="72" hits="0" branch="False" />
            <line number="73" hits="0" branch="False" />
            <line number="76" hits="0" branch="True" condition-coverage="0% (0/2)">
              <conditions>
                <condition number="227" type="jump" coverage="0%" />
              </conditions>
            </line>
            <line number="77" hits="0" branch="False" />
            <line number="78" hits="0" branch="False" />
            <line number="79" hits="0" branch="False" />
            <line number="82" hits="0" branch="True" condition-coverage="0% (0/2)">
              <conditions>
                <condition number="426" type="jump" coverage="0%" />
              </conditions>
            </line>
            <line number="83" hits="0" branch="False" />
            <line number="84" hits="0" branch="False" />
            <line number="85" hits="0" branch="False" />
            <line number="88" hits="0" branch="False" />
            <line number="89" hits="0" branch="False" />
            <line number="91" hits="0" branch="True" condition-coverage="0% (0/2)">
              <conditions>
                <condition number="699" type="jump" coverage="0%" />
              </conditions>
            </line>
            <line number="92" hits="0" branch="False" />
            <line number="93" hits="0" branch="False" />
            <line number="94" hits="0" branch="False" />
            <line number="97" hits="0" branch="True" condition-coverage="0% (0/2)">
              <conditions>
                <condition number="851" type="jump" coverage="0%" />
              </conditions>
            </line>
            <line number="98" hits="0" branch="False" />
            <line number="99" hits="0" branch="False" />
            <line number="100" hits="0" branch="False" />
            <line number="101" hits="0" branch="False" />
            <line number="102" hits="0" branch="False" />
          </lines>
        </class>
        <class name="ChampionsLeagueTeamsApp.Areas.Admin.Controllers.DashboardController" filename="Areas\Admin\Controllers\DashboardController.cs" line-rate="0" branch-rate="1" complexity="1">
          <methods>
            <method name="Index" signature="()" line-rate="0" branch-rate="1" complexity="1">
              <lines>
                <line number="11" hits="0" branch="False" />
                <line number="12" hits="0" branch="False" />
                <line number="13" hits="0" branch="False" />
              </lines>
            </method>
          </methods>
          <lines>
            <line number="11" hits="0" branch="False" />
            <line number="12" hits="0" branch="False" />
            <line number="13" hits="0" branch="False" />
          </lines>
        </class>
      </classes>
    </package>
  </packages>
</coverage>